# JRE version: OpenJDK Runtime Environment Microsoft-8035246 (17.0.8+7) (build 17.0.8+7-LTS)
# Java VM: OpenJDK 64-Bit Server VM Microsoft-8035246 (17.0.8+7-LTS, mixed mode, sharing, tiered, compressed oops, compressed class ptrs, g1 gc, windows-amd64)
GC Precious Log:
 CPUs: 4 total, 4 available
 Memory: 7991M
 Large Page Support: Disabled
 NUMA Support: Disabled
 Compressed Oops: Enabled (32-bit)
 Heap Region Size: 1M
 Heap Min Capacity: 8M
 Heap Initial Capacity: 126M
 Heap Max Capacity: 2G
 Pre-touch: Disabled
 Parallel Workers: 4
 Concurrent Workers: 1
 Concurrent Refinement Workers: 4
 Periodic GC: Disabled
Heap:
 garbage-first heap   total 332800K, used 276955K [0x0000000080000000, 0x0000000100000000)
  region size 1024K, 62 young (63488K), 6 survivors (6144K)
 Metaspace       used 109302K, committed 110464K, reserved 557056K
  class space    used 15267K, committed 15808K, reserved 425984K
GC Heap History (20 events):
Event: 107.557 GC heap before
{Heap before GC invocations=66 (full 0):
 garbage-first heap   total 233472K, used 199051K [0x0000000080000000, 0x0000000100000000)
  region size 1024K, 32 young (32768K), 5 survivors (5120K)
 Metaspace       used 102610K, committed 103744K, reserved 557056K
  class space    used 14424K, committed 14976K, reserved 425984K
}
Event: 107.566 GC heap after
{Heap after GC invocations=67 (full 0):
 garbage-first heap   total 233472K, used 176446K [0x0000000080000000, 0x0000000100000000)
  region size 1024K, 4 young (4096K), 4 survivors (4096K)
 Metaspace       used 102610K, committed 103744K, reserved 557056K
  class space    used 14424K, committed 14976K, reserved 425984K
}
Event: 108.045 GC heap before
{Heap before GC invocations=67 (full 0):
 garbage-first heap   total 233472K, used 201022K [0x0000000080000000, 0x0000000100000000)
  region size 1024K, 27 young (27648K), 4 survivors (4096K)
 Metaspace       used 102939K, committed 104000K, reserved 557056K
  class space    used 14458K, committed 14976K, reserved 425984K
}
Event: 108.058 GC heap after
{Heap after GC invocations=68 (full 0):
 garbage-first heap   total 233472K, used 181553K [0x0000000080000000, 0x0000000100000000)
  region size 1024K, 4 young (4096K), 4 survivors (4096K)
 Metaspace       used 102939K, committed 104000K, reserved 557056K
  class space    used 14458K, committed 14976K, reserved 425984K
}
Event: 108.526 GC heap before
{Heap before GC invocations=68 (full 0):
 garbage-first heap   total 233472K, used 199985K [0x0000000080000000, 0x0000000100000000)
  region size 1024K, 22 young (22528K), 4 survivors (4096K)
 Metaspace       used 103033K, committed 104192K, reserved 557056K
  class space    used 14469K, committed 15040K, reserved 425984K
}
Event: 108.534 GC heap after
{Heap after GC invocations=69 (full 0):
 garbage-first heap   total 280576K, used 188138K [0x0000000080000000, 0x0000000100000000)
  region size 1024K, 3 young (3072K), 3 survivors (3072K)
 Metaspace       used 103033K, committed 104192K, reserved 557056K
  class space    used 14469K, committed 15040K, reserved 425984K
}
Event: 109.270 GC heap before
{Heap before GC invocations=70 (full 0):
 garbage-first heap   total 332800K, used 225002K [0x0000000080000000, 0x0000000100000000)
  region size 1024K, 41 young (41984K), 3 survivors (3072K)
 Metaspace       used 103327K, committed 104512K, reserved 557056K
  class space    used 14503K, committed 15104K, reserved 425984K
}
Event: 109.283 GC heap after
{Heap after GC invocations=71 (full 0):
 garbage-first heap   total 332800K, used 194161K [0x0000000080000000, 0x0000000100000000)
  region size 1024K, 6 young (6144K), 6 survivors (6144K)
 Metaspace       used 103327K, committed 104512K, reserved 557056K
  class space    used 14503K, committed 15104K, reserved 425984K
}
Event: 109.420 GC heap before
{Heap before GC invocations=71 (full 0):
 garbage-first heap   total 332800K, used 205425K [0x0000000080000000, 0x0000000100000000)
  region size 1024K, 16 young (16384K), 6 survivors (6144K)
 Metaspace       used 103437K, committed 104640K, reserved 557056K
  class space    used 14520K, committed 15104K, reserved 425984K
}
Event: 109.429 GC heap after
{Heap after GC invocations=72 (full 0):
 garbage-first heap   total 332800K, used 196691K [0x0000000080000000, 0x0000000100000000)
  region size 1024K, 2 young (2048K), 2 survivors (2048K)
 Metaspace       used 103437K, committed 104640K, reserved 557056K
  class space    used 14520K, committed 15104K, reserved 425984K
}
Event: 110.831 GC heap before
{Heap before GC invocations=72 (full 0):
 garbage-first heap   total 332800K, used 260179K [0x0000000080000000, 0x0000000100000000)
  region size 1024K, 64 young (65536K), 2 survivors (2048K)
 Metaspace       used 107381K, committed 108544K, reserved 557056K
  class space    used 15088K, committed 15616K, reserved 425984K
}
Event: 110.847 GC heap after
{Heap after GC invocations=73 (full 0):
 garbage-first heap   total 332800K, used 201106K [0x0000000080000000, 0x0000000100000000)
  region size 1024K, 7 young (7168K), 7 survivors (7168K)
 Metaspace       used 107381K, committed 108544K, reserved 557056K
  class space    used 15088K, committed 15616K, reserved 425984K
}
Event: 112.112 GC heap before
{Heap before GC invocations=73 (full 0):
 garbage-first heap   total 332800K, used 265618K [0x0000000080000000, 0x0000000100000000)
  region size 1024K, 70 young (71680K), 7 survivors (7168K)
 Metaspace       used 108459K, committed 109632K, reserved 557056K
  class space    used 15184K, committed 15744K, reserved 425984K
}
Event: 112.140 GC heap after
{Heap after GC invocations=74 (full 0):
 garbage-first heap   total 332800K, used 209108K [0x0000000080000000, 0x0000000100000000)
  region size 1024K, 9 young (9216K), 9 survivors (9216K)
 Metaspace       used 108459K, committed 109632K, reserved 557056K
  class space    used 15184K, committed 15744K, reserved 425984K
}
Event: 112.870 GC heap before
{Heap before GC invocations=74 (full 0):
 garbage-first heap   total 332800K, used 268500K [0x0000000080000000, 0x0000000100000000)
  region size 1024K, 68 young (69632K), 9 survivors (9216K)
 Metaspace       used 108941K, committed 110208K, reserved 557056K
  class space    used 15228K, committed 15808K, reserved 425984K
}
Event: 112.890 GC heap after
{Heap after GC invocations=75 (full 0):
 garbage-first heap   total 332800K, used 217490K [0x0000000080000000, 0x0000000100000000)
  region size 1024K, 8 young (8192K), 8 survivors (8192K)
 Metaspace       used 108941K, committed 110208K, reserved 557056K
  class space    used 15228K, committed 15808K, reserved 425984K
}
Event: 113.487 GC heap before
{Heap before GC invocations=75 (full 0):
 garbage-first heap   total 332800K, used 272786K [0x0000000080000000, 0x0000000100000000)
  region size 1024K, 63 young (64512K), 8 survivors (8192K)
 Metaspace       used 109293K, committed 110464K, reserved 557056K
  class space    used 15267K, committed 15808K, reserved 425984K
}
Event: 113.498 GC heap after
{Heap after GC invocations=76 (full 0):
 garbage-first heap   total 332800K, used 220666K [0x0000000080000000, 0x0000000100000000)
  region size 1024K, 5 young (5120K), 5 survivors (5120K)
 Metaspace       used 109293K, committed 110464K, reserved 557056K
  class space    used 15267K, committed 15808K, reserved 425984K
}
Event: 113.851 GC heap before
{Heap before GC invocations=76 (full 0):
 garbage-first heap   total 332800K, used 275962K [0x0000000080000000, 0x0000000100000000)
  region size 1024K, 60 young (61440K), 5 survivors (5120K)
 Metaspace       used 109301K, committed 110464K, reserved 557056K
  class space    used 15267K, committed 15808K, reserved 425984K
}
Event: 113.860 GC heap after
{Heap after GC invocations=77 (full 0):
 garbage-first heap   total 332800K, used 221659K [0x0000000080000000, 0x0000000100000000)
  region size 1024K, 6 young (6144K), 6 survivors (6144K)
 Metaspace       used 109301K, committed 110464K, reserved 557056K
  class space    used 15267K, committed 15808K, reserved 425984K
}

